=========== Run at: 2020-04-16 22:29:40.974184
=========== Main function ====================================
=========== Image Generator ==================================
=========== Create the base model ============================
=========== Train the base model =============================
=========== Run at: 2020-04-16 22:32:11.115912
=========== Main function ====================================
=========== Image Generator ==================================
=========== Create the base model ============================
=========== Train the base model =============================
=========== Run at: 2020-04-16 22:34:40.057468
=========== Main function ====================================
=========== Image Generator ==================================
=========== Create the base model ============================
=========== Train the base model =============================
=========== Create the fine tune model =====================
=========== Train the fine tune model ========================
=========== Run at: 2020-04-16 22:35:54.300115
=========== Main function ====================================
=========== Image Generator ==================================
=========== Create the base model ============================
=========== Train the base model =============================
=========== Create the fine tune model =====================
=========== Train the fine tune model ========================
=========== Run at: 2020-04-16 22:37:18.030709
=========== Main function ====================================
=========== Image Generator ==================================
=========== Create the base model ============================
=========== Train the base model =============================
=========== Create the fine tune model =====================
=========== Train the fine tune model ========================
=========== Run at: 2020-04-16 22:41:44.947411
=========== Main function ====================================
=========== Image Generator ==================================
=========== Create the base model ============================
=========== Train the base model =============================
=========== Create the fine tune model =====================
=========== Train the fine tune model ========================
